Base path: C:/Program Files/Unity/Editor/Data
Cmd: initializeCompiler
Cmd: preprocess
  insize=3402 outsize=888 ok=1
Cmd: preprocess
  insize=2110 outsize=2107 ok=1
Cmd: preprocess
  insize=7416 outsize=2318 ok=1
Cmd: preprocess
  insize=3658 outsize=2866 ok=1
Cmd: preprocess
  insize=2126 outsize=592 ok=1
Cmd: preprocess
  insize=2139 outsize=2136 ok=1
Cmd: preprocess
  insize=3722 outsize=942 ok=1
Cmd: preprocess
  insize=3445 outsize=1742 ok=1
Cmd: compileComputeKernel
  api=4 insize=1543 outsize=789 ok=1
Cmd: preprocess
  insize=2247 outsize=377 ok=1
Cmd: preprocess
  insize=4218 outsize=1074 ok=1
Cmd: preprocess
  insize=475 outsize=167 ok=1
Cmd: preprocess
  insize=1941 outsize=225 ok=1
Cmd: preprocess
  insize=2885 outsize=737 ok=1
Cmd: preprocess
  insize=5425 outsize=1212 ok=1
Cmd: preprocess
  insize=2886 outsize=699 ok=1
Cmd: preprocess
  insize=875 outsize=113 ok=1
Cmd: preprocess
  insize=2003 outsize=1565 ok=1
Cmd: preprocess
  insize=3039 outsize=781 ok=1
Cmd: preprocess
  insize=8098 outsize=4534 ok=1
Cmd: preprocess
  insize=5373 outsize=2982 ok=1
Cmd: preprocess
  insize=3758 outsize=2851 ok=1
Cmd: preprocess
  insize=2707 outsize=665 ok=1
Cmd: preprocess
  insize=4024 outsize=1066 ok=1
Cmd: compileComputeKernel
  api=4 insize=14084 outsize=14893 ok=1
Cmd: preprocess
  insize=4263 outsize=1036 ok=1
Cmd: preprocess
  insize=3422 outsize=861 ok=1
Cmd: preprocess
  insize=2378 outsize=1060 ok=1
Cmd: preprocess
  insize=1105 outsize=443 ok=1
Cmd: preprocess
  insize=6480 outsize=3805 ok=1
Cmd: preprocess
  insize=3748 outsize=2039 ok=1
Cmd: preprocess
  insize=987 outsize=218 ok=1
Cmd: preprocess
  insize=3158 outsize=2583 ok=1
Cmd: preprocess
  insize=4896 outsize=1155 ok=1
Cmd: preprocess
  insize=2236 outsize=943 ok=1
Cmd: preprocess
  insize=4848 outsize=1113 ok=1
Cmd: preprocess
  insize=3601 outsize=640 ok=1
Cmd: preprocess
  insize=2213 outsize=2210 ok=1
Cmd: preprocess
  insize=816 outsize=144 ok=1
Cmd: preprocess
  insize=4781 outsize=701 ok=1
Cmd: preprocess
  insize=2632 outsize=1092 ok=1
Cmd: compileSnippet
  api=4 type=0 insize=1882 outsize=954 kw= pd=UNITY_ENABLE_REFLECTION_BUFFERS UNITY_USE_DITHER_MASK_FOR_ALPHABLENDED_SHADOWS UNITY_PBS_USE_BRDF1 UNITY_SPECCUBE_BOX_PROJECTION UNITY_SPECCUBE_BLENDING UNITY_ENABLE_DETAIL_NORMALMAP SHADER_API_DESKTOP UNITY_LIGHT_PROBE_PROXY_VOLUME ok=1
Cmd: compileSnippet
  api=4 type=1 insize=1882 outsize=730 kw= pd=UNITY_ENABLE_REFLECTION_BUFFERS UNITY_USE_DITHER_MASK_FOR_ALPHABLENDED_SHADOWS UNITY_PBS_USE_BRDF1 UNITY_SPECCUBE_BOX_PROJECTION UNITY_SPECCUBE_BLENDING UNITY_ENABLE_DETAIL_NORMALMAP SHADER_API_DESKTOP UNITY_LIGHT_PROBE_PROXY_VOLUME ok=1
Cmd: preprocess
  insize=1602 outsize=489 ok=1
Cmd: preprocess
  insize=14022 outsize=865 ok=1
Cmd: compileSnippet
  error: 2 plat 4 at (0): Program 'myGeometryShader', error X4580: emitting a system-interpreted value which is not written in every execution path of the shader. Unconditional initialization may help.\nCompiling Geometry program
Platform defines: UNITY_ENABLE_REFLECTION_BUFFERS UNITY_USE_DITHER_MASK_FOR_ALPHABLENDED_SHADOWS UNITY_PBS_USE_BRDF1 UNITY_SPECCUBE_BOX_PROJECTION UNITY_SPECCUBE_BLENDING UNITY_ENABLE_DETAIL_NORMALMAP SHADER_API_DESKTOP UNITY_LIGHT_PROBE_PROXY_VOLUME
  error: 2 plat 4 at (233): this variable dependent on potentially uninitialized data: v. The compiler cannot always detect that an array is fully assigned to. Fully initializing the array in its declaration may help avoid this error\nCompiling Geometry program
Platform defines: UNITY_ENABLE_REFLECTION_BUFFERS UNITY_USE_DITHER_MASK_FOR_ALPHABLENDED_SHADOWS UNITY_PBS_USE_BRDF1 UNITY_SPECCUBE_BOX_PROJECTION UNITY_SPECCUBE_BLENDING UNITY_ENABLE_DETAIL_NORMALMAP SHADER_API_DESKTOP UNITY_LIGHT_PROBE_PROXY_VOLUME
  error: 2 plat 4 at C:/Program Files/Unity/Editor/Data/CGIncludes/UnityShaderUtilities.cginc(12): this variable dependent on potentially uninitialized data: pos\nCompiling Geometry program
Platform defines: UNITY_ENABLE_REFLECTION_BUFFERS UNITY_USE_DITHER_MASK_FOR_ALPHABLENDED_SHADOWS UNITY_PBS_USE_BRDF1 UNITY_SPECCUBE_BOX_PROJECTION UNITY_SPECCUBE_BLENDING UNITY_ENABLE_DETAIL_NORMALMAP SHADER_API_DESKTOP UNITY_LIGHT_PROBE_PROXY_VOLUME
  api=4 type=4 insize=13501 outsize=0 kw= pd=UNITY_ENABLE_REFLECTION_BUFFERS UNITY_USE_DITHER_MASK_FOR_ALPHABLENDED_SHADOWS UNITY_PBS_USE_BRDF1 UNITY_SPECCUBE_BOX_PROJECTION UNITY_SPECCUBE_BLENDING UNITY_ENABLE_DETAIL_NORMALMAP SHADER_API_DESKTOP UNITY_LIGHT_PROBE_PROXY_VOLUME ok=0
Cmd: preprocess
  insize=4869 outsize=1181 ok=1
Cmd: preprocess
  insize=1057 outsize=136 ok=1
Cmd: preprocess
  insize=4182 outsize=2932 ok=1
Cmd: preprocess
  insize=4605 outsize=3933 ok=1
Cmd: preprocess
  insize=877 outsize=376 ok=1
Cmd: preprocess
  insize=3431 outsize=1075 ok=1
Cmd: preprocess
  insize=3027 outsize=792 ok=1
Cmd: preprocess
  insize=4918 outsize=1170 ok=1
Cmd: preprocess
  insize=4281 outsize=1032 ok=1
Cmd: preprocess
  insize=4414 outsize=2801 ok=1
Cmd: preprocess
  insize=2646 outsize=1804 ok=1
Cmd: preprocess
  insize=3074 outsize=846 ok=1
Cmd: preprocess
  insize=4339 outsize=1032 ok=1
Cmd: preprocess
  insize=2695 outsize=810 ok=1
Cmd: preprocess
  insize=2273 outsize=1004 ok=1
Cmd: preprocess
  insize=1256 outsize=530 ok=1
Cmd: preprocess
  insize=3445 outsize=850 ok=1
Cmd: preprocess
  insize=2011 outsize=595 ok=1
Cmd: preprocess
  insize=3483 outsize=635 ok=1
Cmd: preprocess
  insize=5220 outsize=1191 ok=1
Cmd: preprocess
  insize=4835 outsize=2812 ok=1
Cmd: preprocess
  insize=3483 outsize=823 ok=1
Cmd: preprocess
  insize=2042 outsize=2039 ok=1
Cmd: preprocess
  insize=5525 outsize=901 ok=1
Cmd: preprocess
  insize=2082 outsize=602 ok=1
Cmd: preprocess
  insize=4913 outsize=3728 ok=1
Cmd: preprocess
  insize=2156 outsize=565 ok=1
